
  .   ____          _            __ _ _
 /\\ / ___'_ __ _ _(_)_ __  __ _ \ \ \ \
( ( )\___ | '_ | '_| | '_ \/ _` | \ \ \ \
 \\/  ___)| |_)| | | | | || (_| |  ) ) ) )
  '  |____| .__|_| |_|_| |_\__, | / / / /
 =========|_|==============|___/=/_/_/_/
 :: Spring Boot ::               (v2.7.18)

2026-02-28 16:58:40.546  INFO 48353 --- [           main] com.dga.DgaApplication                   : Starting DgaApplication v0.0.1-SNAPSHOT using Java 1.8.0_462 on dingquandeMacBook-Pro.local with PID 48353 (/Users/dingquan/Desktop/work/bf_bigdata_manage/dga-backend/target/dga-backend-0.0.1-SNAPSHOT.jar started by dingquan in /Users/dingquan/Desktop/work/bf_bigdata_manage)
2026-02-28 16:58:40.547  INFO 48353 --- [           main] com.dga.DgaApplication                   : The following 1 profile is active: "test"
2026-02-28 16:58:40.906  INFO 48353 --- [           main] .s.d.r.c.RepositoryConfigurationDelegate : Multiple Spring Data modules found, entering strict repository configuration mode
2026-02-28 16:58:40.907  INFO 48353 --- [           main] .s.d.r.c.RepositoryConfigurationDelegate : Bootstrapping Spring Data JPA repositories in DEFAULT mode.
2026-02-28 16:58:40.972  INFO 48353 --- [           main] .s.d.r.c.RepositoryConfigurationDelegate : Finished Spring Data repository scanning in 61 ms. Found 14 JPA repository interfaces.
2026-02-28 16:58:40.976  INFO 48353 --- [           main] .s.d.r.c.RepositoryConfigurationDelegate : Multiple Spring Data modules found, entering strict repository configuration mode
2026-02-28 16:58:40.977  INFO 48353 --- [           main] .s.d.r.c.RepositoryConfigurationDelegate : Bootstrapping Spring Data LDAP repositories in DEFAULT mode.
2026-02-28 16:58:40.980  INFO 48353 --- [           main] .RepositoryConfigurationExtensionSupport : Spring Data LDAP - Could not safely identify store assignment for repository candidate interface com.dga.datamap.repository.UserRecentViewRepository; If you want this repository to be a LDAP repository, consider annotating your entities with one of these annotations: org.springframework.ldap.odm.annotations.Entry (preferred), or consider extending one of the following types with your repository: org.springframework.data.ldap.repository.LdapRepository
2026-02-28 16:58:40.981  INFO 48353 --- [           main] .RepositoryConfigurationExtensionSupport : Spring Data LDAP - Could not safely identify store assignment for repository candidate interface com.dga.datasource.repository.DataSourceConfigRepository; If you want this repository to be a LDAP repository, consider annotating your entities with one of these annotations: org.springframework.ldap.odm.annotations.Entry (preferred), or consider extending one of the following types with your repository: org.springframework.data.ldap.repository.LdapRepository
2026-02-28 16:58:40.981  INFO 48353 --- [           main] .RepositoryConfigurationExtensionSupport : Spring Data LDAP - Could not safely identify store assignment for repository candidate interface com.dga.cluster.repository.ClusterRepository; If you want this repository to be a LDAP repository, consider annotating your entities with one of these annotations: org.springframework.ldap.odm.annotations.Entry (preferred), or consider extending one of the following types with your repository: org.springframework.data.ldap.repository.LdapRepository
2026-02-28 16:58:40.981  INFO 48353 --- [           main] .RepositoryConfigurationExtensionSupport : Spring Data LDAP - Could not safely identify store assignment for repository candidate interface com.dga.access.repository.UserRepository; If you want this repository to be a LDAP repository, consider annotating your entities with one of these annotations: org.springframework.ldap.odm.annotations.Entry (preferred), or consider extending one of the following types with your repository: org.springframework.data.ldap.repository.LdapRepository
2026-02-28 16:58:40.982  INFO 48353 --- [           main] .RepositoryConfigurationExtensionSupport : Spring Data LDAP - Could not safely identify store assignment for repository candidate interface com.dga.access.repository.DgaUserRepository; If you want this repository to be a LDAP repository, consider annotating your entities with one of these annotations: org.springframework.ldap.odm.annotations.Entry (preferred), or consider extending one of the following types with your repository: org.springframework.data.ldap.repository.LdapRepository
2026-02-28 16:58:40.982  INFO 48353 --- [           main] .RepositoryConfigurationExtensionSupport : Spring Data LDAP - Could not safely identify store assignment for repository candidate interface com.dga.access.repository.UserHiveAccessRepository; If you want this repository to be a LDAP repository, consider annotating your entities with one of these annotations: org.springframework.ldap.odm.annotations.Entry (preferred), or consider extending one of the following types with your repository: org.springframework.data.ldap.repository.LdapRepository
2026-02-28 16:58:40.982  INFO 48353 --- [           main] .RepositoryConfigurationExtensionSupport : Spring Data LDAP - Could not safely identify store assignment for repository candidate interface com.dga.quality.repository.QualityExecutionRepository; If you want this repository to be a LDAP repository, consider annotating your entities with one of these annotations: org.springframework.ldap.odm.annotations.Entry (preferred), or consider extending one of the following types with your repository: org.springframework.data.ldap.repository.LdapRepository
2026-02-28 16:58:40.983  INFO 48353 --- [           main] .RepositoryConfigurationExtensionSupport : Spring Data LDAP - Could not safely identify store assignment for repository candidate interface com.dga.quality.repository.QualityRuleRepository; If you want this repository to be a LDAP repository, consider annotating your entities with one of these annotations: org.springframework.ldap.odm.annotations.Entry (preferred), or consider extending one of the following types with your repository: org.springframework.data.ldap.repository.LdapRepository
2026-02-28 16:58:40.983  INFO 48353 --- [           main] .RepositoryConfigurationExtensionSupport : Spring Data LDAP - Could not safely identify store assignment for repository candidate interface com.dga.lineage.repository.DataLineageRepository; If you want this repository to be a LDAP repository, consider annotating your entities with one of these annotations: org.springframework.ldap.odm.annotations.Entry (preferred), or consider extending one of the following types with your repository: org.springframework.data.ldap.repository.LdapRepository
2026-02-28 16:58:40.983  INFO 48353 --- [           main] .RepositoryConfigurationExtensionSupport : Spring Data LDAP - Could not safely identify store assignment for repository candidate interface com.dga.resource.repository.ResourceLinkRepository; If you want this repository to be a LDAP repository, consider annotating your entities with one of these annotations: org.springframework.ldap.odm.annotations.Entry (preferred), or consider extending one of the following types with your repository: org.springframework.data.ldap.repository.LdapRepository
2026-02-28 16:58:40.983  INFO 48353 --- [           main] .RepositoryConfigurationExtensionSupport : Spring Data LDAP - Could not safely identify store assignment for repository candidate interface com.dga.metadata.repository.GovernanceTaskRepository; If you want this repository to be a LDAP repository, consider annotating your entities with one of these annotations: org.springframework.ldap.odm.annotations.Entry (preferred), or consider extending one of the following types with your repository: org.springframework.data.ldap.repository.LdapRepository
2026-02-28 16:58:40.984  INFO 48353 --- [           main] .RepositoryConfigurationExtensionSupport : Spring Data LDAP - Could not safely identify store assignment for repository candidate interface com.dga.metadata.repository.TableScoreRepository; If you want this repository to be a LDAP repository, consider annotating your entities with one of these annotations: org.springframework.ldap.odm.annotations.Entry (preferred), or consider extending one of the following types with your repository: org.springframework.data.ldap.repository.LdapRepository
2026-02-28 16:58:40.985  INFO 48353 --- [           main] .RepositoryConfigurationExtensionSupport : Spring Data LDAP - Could not safely identify store assignment for repository candidate interface com.dga.metadata.repository.ColumnMetadataRepository; If you want this repository to be a LDAP repository, consider annotating your entities with one of these annotations: org.springframework.ldap.odm.annotations.Entry (preferred), or consider extending one of the following types with your repository: org.springframework.data.ldap.repository.LdapRepository
2026-02-28 16:58:40.985  INFO 48353 --- [           main] .RepositoryConfigurationExtensionSupport : Spring Data LDAP - Could not safely identify store assignment for repository candidate interface com.dga.metadata.repository.TableMetadataRepository; If you want this repository to be a LDAP repository, consider annotating your entities with one of these annotations: org.springframework.ldap.odm.annotations.Entry (preferred), or consider extending one of the following types with your repository: org.springframework.data.ldap.repository.LdapRepository
2026-02-28 16:58:40.985  INFO 48353 --- [           main] .s.d.r.c.RepositoryConfigurationDelegate : Finished Spring Data repository scanning in 8 ms. Found 0 LDAP repository interfaces.
2026-02-28 16:58:41.317  INFO 48353 --- [           main] o.s.b.w.embedded.tomcat.TomcatWebServer  : Tomcat initialized with port(s): 8080 (http)
2026-02-28 16:58:41.323  INFO 48353 --- [           main] o.apache.catalina.core.StandardService   : Starting service [Tomcat]
2026-02-28 16:58:41.323  INFO 48353 --- [           main] org.apache.catalina.core.StandardEngine  : Starting Servlet engine: [Apache Tomcat/9.0.83]
2026-02-28 16:58:41.360  INFO 48353 --- [           main] o.a.c.c.C.[Tomcat].[localhost].[/]       : Initializing Spring embedded WebApplicationContext
2026-02-28 16:58:41.361  INFO 48353 --- [           main] w.s.c.ServletWebServerApplicationContext : Root WebApplicationContext: initialization completed in 788 ms
2026-02-28 16:58:41.426  INFO 48353 --- [           main] com.zaxxer.hikari.HikariDataSource       : HikariPool-1 - Starting...
2026-02-28 16:58:41.560  INFO 48353 --- [           main] com.zaxxer.hikari.HikariDataSource       : HikariPool-1 - Start completed.
2026-02-28 16:58:41.626  INFO 48353 --- [           main] o.hibernate.jpa.internal.util.LogHelper  : HHH000204: Processing PersistenceUnitInfo [name: default]
2026-02-28 16:58:41.658  INFO 48353 --- [           main] org.hibernate.Version                    : HHH000412: Hibernate ORM core version 5.6.15.Final
2026-02-28 16:58:41.759  INFO 48353 --- [           main] o.hibernate.annotations.common.Version   : HCANN000001: Hibernate Commons Annotations {5.1.2.Final}
2026-02-28 16:58:41.815  INFO 48353 --- [           main] org.hibernate.dialect.Dialect            : HHH000400: Using dialect: org.hibernate.dialect.MySQL8Dialect
2026-02-28 16:58:42.237  INFO 48353 --- [           main] o.h.e.t.j.p.i.JtaPlatformInitiator       : HHH000490: Using JtaPlatform implementation: [org.hibernate.engine.transaction.jta.platform.internal.NoJtaPlatform]
2026-02-28 16:58:42.243  INFO 48353 --- [           main] j.LocalContainerEntityManagerFactoryBean : Initialized JPA EntityManagerFactory for persistence unit 'default'
2026-02-28 16:58:43.030  INFO 48353 --- [           main] o.s.s.web.DefaultSecurityFilterChain     : Will secure any request with [org.springframework.security.web.session.DisableEncodeUrlFilter@76f10035, org.springframework.security.web.context.request.async.WebAsyncManagerIntegrationFilter@4f8caaf3, org.springframework.security.web.context.SecurityContextPersistenceFilter@73e132e0, org.springframework.security.web.header.HeaderWriterFilter@30865a90, org.springframework.security.web.authentication.logout.LogoutFilter@63034ed1, org.springframework.security.oauth2.client.web.OAuth2AuthorizationRequestRedirectFilter@1ea9f009, org.springframework.security.oauth2.client.web.OAuth2LoginAuthenticationFilter@4c7a078, org.springframework.security.web.authentication.ui.DefaultLoginPageGeneratingFilter@3b809711, org.springframework.security.web.authentication.ui.DefaultLogoutPageGeneratingFilter@2b50150, org.springframework.security.web.savedrequest.RequestCacheAwareFilter@2472c7d8, org.springframework.security.web.servletapi.SecurityContextHolderAwareRequestFilter@22175d4f, org.springframework.security.web.authentication.AnonymousAuthenticationFilter@15b986cd, org.springframework.security.web.session.SessionManagementFilter@777c9dc9, org.springframework.security.web.access.ExceptionTranslationFilter@14c053c6, org.springframework.security.web.access.intercept.FilterSecurityInterceptor@350b3a17]
2026-02-28 16:58:43.064  WARN 48353 --- [           main] JpaBaseConfiguration$JpaWebConfiguration : spring.jpa.open-in-view is enabled by default. Therefore, database queries may be performed during view rendering. Explicitly configure spring.jpa.open-in-view to disable this warning
2026-02-28 16:58:43.136  INFO 48353 --- [           main] o.s.b.a.w.s.WelcomePageHandlerMapping    : Adding welcome page: class path resource [static/index.html]
2026-02-28 16:58:43.268  INFO 48353 --- [           main] o.s.b.w.embedded.tomcat.TomcatWebServer  : Tomcat started on port(s): 8080 (http) with context path ''
2026-02-28 16:58:43.273  INFO 48353 --- [           main] com.dga.DgaApplication                   : Started DgaApplication in 2.9 seconds (JVM running for 3.127)
2026-02-28 16:59:15.744  INFO 48353 --- [nio-8080-exec-1] o.a.c.c.C.[Tomcat].[localhost].[/]       : Initializing Spring DispatcherServlet 'dispatcherServlet'
2026-02-28 16:59:15.744  INFO 48353 --- [nio-8080-exec-1] o.s.web.servlet.DispatcherServlet        : Initializing Servlet 'dispatcherServlet'
2026-02-28 16:59:15.745  INFO 48353 --- [nio-8080-exec-1] o.s.web.servlet.DispatcherServlet        : Completed initialization in 1 ms
