
  .   ____          _            __ _ _
 /\\ / ___'_ __ _ _(_)_ __  __ _ \ \ \ \
( ( )\___ | '_ | '_| | '_ \/ _` | \ \ \ \
 \\/  ___)| |_)| | | | | || (_| |  ) ) ) )
  '  |____| .__|_| |_|_| |_\__, | / / / /
 =========|_|==============|___/=/_/_/_/
 :: Spring Boot ::               (v2.7.18)

2026-02-28 17:15:45.324  INFO 61881 --- [           main] com.dga.DgaApplication                   : Starting DgaApplication v0.0.1-SNAPSHOT using Java 1.8.0_462 on dingquandeMacBook-Pro.local with PID 61881 (/Users/dingquan/Desktop/work/bf_bigdata_manage/dga-backend/target/dga-backend-0.0.1-SNAPSHOT.jar started by dingquan in /Users/dingquan/Desktop/work/bf_bigdata_manage)
2026-02-28 17:15:45.325  INFO 61881 --- [           main] com.dga.DgaApplication                   : The following 1 profile is active: "test"
2026-02-28 17:15:45.729  INFO 61881 --- [           main] .s.d.r.c.RepositoryConfigurationDelegate : Multiple Spring Data modules found, entering strict repository configuration mode
2026-02-28 17:15:45.730  INFO 61881 --- [           main] .s.d.r.c.RepositoryConfigurationDelegate : Bootstrapping Spring Data JPA repositories in DEFAULT mode.
2026-02-28 17:15:45.790  INFO 61881 --- [           main] .s.d.r.c.RepositoryConfigurationDelegate : Finished Spring Data repository scanning in 55 ms. Found 14 JPA repository interfaces.
2026-02-28 17:15:45.795  INFO 61881 --- [           main] .s.d.r.c.RepositoryConfigurationDelegate : Multiple Spring Data modules found, entering strict repository configuration mode
2026-02-28 17:15:45.795  INFO 61881 --- [           main] .s.d.r.c.RepositoryConfigurationDelegate : Bootstrapping Spring Data LDAP repositories in DEFAULT mode.
2026-02-28 17:15:45.799  INFO 61881 --- [           main] .RepositoryConfigurationExtensionSupport : Spring Data LDAP - Could not safely identify store assignment for repository candidate interface com.dga.datamap.repository.UserRecentViewRepository; If you want this repository to be a LDAP repository, consider annotating your entities with one of these annotations: org.springframework.ldap.odm.annotations.Entry (preferred), or consider extending one of the following types with your repository: org.springframework.data.ldap.repository.LdapRepository
2026-02-28 17:15:45.799  INFO 61881 --- [           main] .RepositoryConfigurationExtensionSupport : Spring Data LDAP - Could not safely identify store assignment for repository candidate interface com.dga.datasource.repository.DataSourceConfigRepository; If you want this repository to be a LDAP repository, consider annotating your entities with one of these annotations: org.springframework.ldap.odm.annotations.Entry (preferred), or consider extending one of the following types with your repository: org.springframework.data.ldap.repository.LdapRepository
2026-02-28 17:15:45.799  INFO 61881 --- [           main] .RepositoryConfigurationExtensionSupport : Spring Data LDAP - Could not safely identify store assignment for repository candidate interface com.dga.cluster.repository.ClusterRepository; If you want this repository to be a LDAP repository, consider annotating your entities with one of these annotations: org.springframework.ldap.odm.annotations.Entry (preferred), or consider extending one of the following types with your repository: org.springframework.data.ldap.repository.LdapRepository
2026-02-28 17:15:45.799  INFO 61881 --- [           main] .RepositoryConfigurationExtensionSupport : Spring Data LDAP - Could not safely identify store assignment for repository candidate interface com.dga.access.repository.UserRepository; If you want this repository to be a LDAP repository, consider annotating your entities with one of these annotations: org.springframework.ldap.odm.annotations.Entry (preferred), or consider extending one of the following types with your repository: org.springframework.data.ldap.repository.LdapRepository
2026-02-28 17:15:45.800  INFO 61881 --- [           main] .RepositoryConfigurationExtensionSupport : Spring Data LDAP - Could not safely identify store assignment for repository candidate interface com.dga.access.repository.DgaUserRepository; If you want this repository to be a LDAP repository, consider annotating your entities with one of these annotations: org.springframework.ldap.odm.annotations.Entry (preferred), or consider extending one of the following types with your repository: org.springframework.data.ldap.repository.LdapRepository
2026-02-28 17:15:45.800  INFO 61881 --- [           main] .RepositoryConfigurationExtensionSupport : Spring Data LDAP - Could not safely identify store assignment for repository candidate interface com.dga.access.repository.UserHiveAccessRepository; If you want this repository to be a LDAP repository, consider annotating your entities with one of these annotations: org.springframework.ldap.odm.annotations.Entry (preferred), or consider extending one of the following types with your repository: org.springframework.data.ldap.repository.LdapRepository
2026-02-28 17:15:45.800  INFO 61881 --- [           main] .RepositoryConfigurationExtensionSupport : Spring Data LDAP - Could not safely identify store assignment for repository candidate interface com.dga.quality.repository.QualityExecutionRepository; If you want this repository to be a LDAP repository, consider annotating your entities with one of these annotations: org.springframework.ldap.odm.annotations.Entry (preferred), or consider extending one of the following types with your repository: org.springframework.data.ldap.repository.LdapRepository
2026-02-28 17:15:45.801  INFO 61881 --- [           main] .RepositoryConfigurationExtensionSupport : Spring Data LDAP - Could not safely identify store assignment for repository candidate interface com.dga.quality.repository.QualityRuleRepository; If you want this repository to be a LDAP repository, consider annotating your entities with one of these annotations: org.springframework.ldap.odm.annotations.Entry (preferred), or consider extending one of the following types with your repository: org.springframework.data.ldap.repository.LdapRepository
2026-02-28 17:15:45.801  INFO 61881 --- [           main] .RepositoryConfigurationExtensionSupport : Spring Data LDAP - Could not safely identify store assignment for repository candidate interface com.dga.lineage.repository.DataLineageRepository; If you want this repository to be a LDAP repository, consider annotating your entities with one of these annotations: org.springframework.ldap.odm.annotations.Entry (preferred), or consider extending one of the following types with your repository: org.springframework.data.ldap.repository.LdapRepository
2026-02-28 17:15:45.801  INFO 61881 --- [           main] .RepositoryConfigurationExtensionSupport : Spring Data LDAP - Could not safely identify store assignment for repository candidate interface com.dga.resource.repository.ResourceLinkRepository; If you want this repository to be a LDAP repository, consider annotating your entities with one of these annotations: org.springframework.ldap.odm.annotations.Entry (preferred), or consider extending one of the following types with your repository: org.springframework.data.ldap.repository.LdapRepository
2026-02-28 17:15:45.801  INFO 61881 --- [           main] .RepositoryConfigurationExtensionSupport : Spring Data LDAP - Could not safely identify store assignment for repository candidate interface com.dga.metadata.repository.GovernanceTaskRepository; If you want this repository to be a LDAP repository, consider annotating your entities with one of these annotations: org.springframework.ldap.odm.annotations.Entry (preferred), or consider extending one of the following types with your repository: org.springframework.data.ldap.repository.LdapRepository
2026-02-28 17:15:45.801  INFO 61881 --- [           main] .RepositoryConfigurationExtensionSupport : Spring Data LDAP - Could not safely identify store assignment for repository candidate interface com.dga.metadata.repository.TableScoreRepository; If you want this repository to be a LDAP repository, consider annotating your entities with one of these annotations: org.springframework.ldap.odm.annotations.Entry (preferred), or consider extending one of the following types with your repository: org.springframework.data.ldap.repository.LdapRepository
2026-02-28 17:15:45.801  INFO 61881 --- [           main] .RepositoryConfigurationExtensionSupport : Spring Data LDAP - Could not safely identify store assignment for repository candidate interface com.dga.metadata.repository.ColumnMetadataRepository; If you want this repository to be a LDAP repository, consider annotating your entities with one of these annotations: org.springframework.ldap.odm.annotations.Entry (preferred), or consider extending one of the following types with your repository: org.springframework.data.ldap.repository.LdapRepository
2026-02-28 17:15:45.802  INFO 61881 --- [           main] .RepositoryConfigurationExtensionSupport : Spring Data LDAP - Could not safely identify store assignment for repository candidate interface com.dga.metadata.repository.TableMetadataRepository; If you want this repository to be a LDAP repository, consider annotating your entities with one of these annotations: org.springframework.ldap.odm.annotations.Entry (preferred), or consider extending one of the following types with your repository: org.springframework.data.ldap.repository.LdapRepository
2026-02-28 17:15:45.802  INFO 61881 --- [           main] .s.d.r.c.RepositoryConfigurationDelegate : Finished Spring Data repository scanning in 6 ms. Found 0 LDAP repository interfaces.
2026-02-28 17:15:46.174  INFO 61881 --- [           main] o.s.b.w.embedded.tomcat.TomcatWebServer  : Tomcat initialized with port(s): 8081 (http)
2026-02-28 17:15:46.181  INFO 61881 --- [           main] o.apache.catalina.core.StandardService   : Starting service [Tomcat]
2026-02-28 17:15:46.181  INFO 61881 --- [           main] org.apache.catalina.core.StandardEngine  : Starting Servlet engine: [Apache Tomcat/9.0.83]
2026-02-28 17:15:46.228  INFO 61881 --- [           main] o.a.c.c.C.[Tomcat].[localhost].[/]       : Initializing Spring embedded WebApplicationContext
2026-02-28 17:15:46.228  INFO 61881 --- [           main] w.s.c.ServletWebServerApplicationContext : Root WebApplicationContext: initialization completed in 868 ms
2026-02-28 17:15:46.302  INFO 61881 --- [           main] com.zaxxer.hikari.HikariDataSource       : HikariPool-1 - Starting...
2026-02-28 17:15:46.451  INFO 61881 --- [           main] com.zaxxer.hikari.HikariDataSource       : HikariPool-1 - Start completed.
2026-02-28 17:15:46.528  INFO 61881 --- [           main] o.hibernate.jpa.internal.util.LogHelper  : HHH000204: Processing PersistenceUnitInfo [name: default]
2026-02-28 17:15:46.567  INFO 61881 --- [           main] org.hibernate.Version                    : HHH000412: Hibernate ORM core version 5.6.15.Final
2026-02-28 17:15:46.659  INFO 61881 --- [           main] o.hibernate.annotations.common.Version   : HCANN000001: Hibernate Commons Annotations {5.1.2.Final}
2026-02-28 17:15:46.725  INFO 61881 --- [           main] org.hibernate.dialect.Dialect            : HHH000400: Using dialect: org.hibernate.dialect.MySQL8Dialect
2026-02-28 17:15:47.156  INFO 61881 --- [           main] o.h.e.t.j.p.i.JtaPlatformInitiator       : HHH000490: Using JtaPlatform implementation: [org.hibernate.engine.transaction.jta.platform.internal.NoJtaPlatform]
2026-02-28 17:15:47.163  INFO 61881 --- [           main] j.LocalContainerEntityManagerFactoryBean : Initialized JPA EntityManagerFactory for persistence unit 'default'
2026-02-28 17:15:48.007  INFO 61881 --- [           main] o.s.s.web.DefaultSecurityFilterChain     : Will secure any request with [org.springframework.security.web.session.DisableEncodeUrlFilter@2b50150, org.springframework.security.web.context.request.async.WebAsyncManagerIntegrationFilter@15b986cd, org.springframework.security.web.context.SecurityContextPersistenceFilter@2472c7d8, org.springframework.security.web.header.HeaderWriterFilter@777c9dc9, org.springframework.security.web.authentication.logout.LogoutFilter@55a8dc49, org.springframework.security.oauth2.client.web.OAuth2AuthorizationRequestRedirectFilter@5298dead, org.springframework.security.oauth2.client.web.OAuth2LoginAuthenticationFilter@5ab9b447, org.springframework.security.web.authentication.ui.DefaultLoginPageGeneratingFilter@236ab296, org.springframework.security.web.authentication.ui.DefaultLogoutPageGeneratingFilter@6bb7cce7, org.springframework.security.web.savedrequest.RequestCacheAwareFilter@22175d4f, org.springframework.security.web.servletapi.SecurityContextHolderAwareRequestFilter@3b809711, org.springframework.security.web.authentication.AnonymousAuthenticationFilter@41c62850, org.springframework.security.web.session.SessionManagementFilter@73e132e0, org.springframework.security.web.access.ExceptionTranslationFilter@30865a90, org.springframework.security.web.access.intercept.FilterSecurityInterceptor@669d2b1b]
2026-02-28 17:15:48.034  WARN 61881 --- [           main] JpaBaseConfiguration$JpaWebConfiguration : spring.jpa.open-in-view is enabled by default. Therefore, database queries may be performed during view rendering. Explicitly configure spring.jpa.open-in-view to disable this warning
2026-02-28 17:15:48.120  INFO 61881 --- [           main] o.s.b.a.w.s.WelcomePageHandlerMapping    : Adding welcome page: class path resource [static/index.html]
2026-02-28 17:15:48.277  INFO 61881 --- [           main] o.s.b.w.embedded.tomcat.TomcatWebServer  : Tomcat started on port(s): 8081 (http) with context path ''
2026-02-28 17:15:48.282  INFO 61881 --- [           main] com.dga.DgaApplication                   : Started DgaApplication in 3.18 seconds (JVM running for 3.52)
2026-02-28 17:16:01.033  INFO 61881 --- [nio-8081-exec-2] o.a.c.c.C.[Tomcat].[localhost].[/]       : Initializing Spring DispatcherServlet 'dispatcherServlet'
2026-02-28 17:16:01.033  INFO 61881 --- [nio-8081-exec-2] o.s.web.servlet.DispatcherServlet        : Initializing Servlet 'dispatcherServlet'
2026-02-28 17:16:01.034  INFO 61881 --- [nio-8081-exec-2] o.s.web.servlet.DispatcherServlet        : Completed initialization in 1 ms
2026-02-28 17:39:21.822  INFO 61881 --- [ionShutdownHook] j.LocalContainerEntityManagerFactoryBean : Closing JPA EntityManagerFactory for persistence unit 'default'
2026-02-28 17:39:21.825  INFO 61881 --- [ionShutdownHook] com.zaxxer.hikari.HikariDataSource       : HikariPool-1 - Shutdown initiated...
2026-02-28 17:39:21.829  INFO 61881 --- [ionShutdownHook] com.zaxxer.hikari.HikariDataSource       : HikariPool-1 - Shutdown completed.
