
  .   ____          _            __ _ _
 /\\ / ___'_ __ _ _(_)_ __  __ _ \ \ \ \
( ( )\___ | '_ | '_| | '_ \/ _` | \ \ \ \
 \\/  ___)| |_)| | | | | || (_| |  ) ) ) )
  '  |____| .__|_| |_|_| |_\__, | / / / /
 =========|_|==============|___/=/_/_/_/
 :: Spring Boot ::               (v2.7.18)

2026-02-28 17:09:37.625  INFO 56489 --- [           main] com.dga.DgaApplication                   : Starting DgaApplication v0.0.1-SNAPSHOT using Java 1.8.0_462 on dingquandeMacBook-Pro.local with PID 56489 (/Users/dingquan/Desktop/work/bf_bigdata_manage/dga-backend/target/dga-backend-0.0.1-SNAPSHOT.jar started by dingquan in /Users/dingquan/Desktop/work/bf_bigdata_manage/dga-backend)
2026-02-28 17:09:37.626  INFO 56489 --- [           main] com.dga.DgaApplication                   : The following 1 profile is active: "test"
2026-02-28 17:09:37.975  INFO 56489 --- [           main] .s.d.r.c.RepositoryConfigurationDelegate : Multiple Spring Data modules found, entering strict repository configuration mode
2026-02-28 17:09:37.976  INFO 56489 --- [           main] .s.d.r.c.RepositoryConfigurationDelegate : Bootstrapping Spring Data JPA repositories in DEFAULT mode.
2026-02-28 17:09:38.074  INFO 56489 --- [           main] .s.d.r.c.RepositoryConfigurationDelegate : Finished Spring Data repository scanning in 93 ms. Found 14 JPA repository interfaces.
2026-02-28 17:09:38.079  INFO 56489 --- [           main] .s.d.r.c.RepositoryConfigurationDelegate : Multiple Spring Data modules found, entering strict repository configuration mode
2026-02-28 17:09:38.079  INFO 56489 --- [           main] .s.d.r.c.RepositoryConfigurationDelegate : Bootstrapping Spring Data LDAP repositories in DEFAULT mode.
2026-02-28 17:09:38.084  INFO 56489 --- [           main] .RepositoryConfigurationExtensionSupport : Spring Data LDAP - Could not safely identify store assignment for repository candidate interface com.dga.datamap.repository.UserRecentViewRepository; If you want this repository to be a LDAP repository, consider annotating your entities with one of these annotations: org.springframework.ldap.odm.annotations.Entry (preferred), or consider extending one of the following types with your repository: org.springframework.data.ldap.repository.LdapRepository
2026-02-28 17:09:38.084  INFO 56489 --- [           main] .RepositoryConfigurationExtensionSupport : Spring Data LDAP - Could not safely identify store assignment for repository candidate interface com.dga.datasource.repository.DataSourceConfigRepository; If you want this repository to be a LDAP repository, consider annotating your entities with one of these annotations: org.springframework.ldap.odm.annotations.Entry (preferred), or consider extending one of the following types with your repository: org.springframework.data.ldap.repository.LdapRepository
2026-02-28 17:09:38.085  INFO 56489 --- [           main] .RepositoryConfigurationExtensionSupport : Spring Data LDAP - Could not safely identify store assignment for repository candidate interface com.dga.cluster.repository.ClusterRepository; If you want this repository to be a LDAP repository, consider annotating your entities with one of these annotations: org.springframework.ldap.odm.annotations.Entry (preferred), or consider extending one of the following types with your repository: org.springframework.data.ldap.repository.LdapRepository
2026-02-28 17:09:38.085  INFO 56489 --- [           main] .RepositoryConfigurationExtensionSupport : Spring Data LDAP - Could not safely identify store assignment for repository candidate interface com.dga.access.repository.UserRepository; If you want this repository to be a LDAP repository, consider annotating your entities with one of these annotations: org.springframework.ldap.odm.annotations.Entry (preferred), or consider extending one of the following types with your repository: org.springframework.data.ldap.repository.LdapRepository
2026-02-28 17:09:38.087  INFO 56489 --- [           main] .RepositoryConfigurationExtensionSupport : Spring Data LDAP - Could not safely identify store assignment for repository candidate interface com.dga.access.repository.DgaUserRepository; If you want this repository to be a LDAP repository, consider annotating your entities with one of these annotations: org.springframework.ldap.odm.annotations.Entry (preferred), or consider extending one of the following types with your repository: org.springframework.data.ldap.repository.LdapRepository
2026-02-28 17:09:38.088  INFO 56489 --- [           main] .RepositoryConfigurationExtensionSupport : Spring Data LDAP - Could not safely identify store assignment for repository candidate interface com.dga.access.repository.UserHiveAccessRepository; If you want this repository to be a LDAP repository, consider annotating your entities with one of these annotations: org.springframework.ldap.odm.annotations.Entry (preferred), or consider extending one of the following types with your repository: org.springframework.data.ldap.repository.LdapRepository
2026-02-28 17:09:38.089  INFO 56489 --- [           main] .RepositoryConfigurationExtensionSupport : Spring Data LDAP - Could not safely identify store assignment for repository candidate interface com.dga.quality.repository.QualityExecutionRepository; If you want this repository to be a LDAP repository, consider annotating your entities with one of these annotations: org.springframework.ldap.odm.annotations.Entry (preferred), or consider extending one of the following types with your repository: org.springframework.data.ldap.repository.LdapRepository
2026-02-28 17:09:38.089  INFO 56489 --- [           main] .RepositoryConfigurationExtensionSupport : Spring Data LDAP - Could not safely identify store assignment for repository candidate interface com.dga.quality.repository.QualityRuleRepository; If you want this repository to be a LDAP repository, consider annotating your entities with one of these annotations: org.springframework.ldap.odm.annotations.Entry (preferred), or consider extending one of the following types with your repository: org.springframework.data.ldap.repository.LdapRepository
2026-02-28 17:09:38.089  INFO 56489 --- [           main] .RepositoryConfigurationExtensionSupport : Spring Data LDAP - Could not safely identify store assignment for repository candidate interface com.dga.lineage.repository.DataLineageRepository; If you want this repository to be a LDAP repository, consider annotating your entities with one of these annotations: org.springframework.ldap.odm.annotations.Entry (preferred), or consider extending one of the following types with your repository: org.springframework.data.ldap.repository.LdapRepository
2026-02-28 17:09:38.090  INFO 56489 --- [           main] .RepositoryConfigurationExtensionSupport : Spring Data LDAP - Could not safely identify store assignment for repository candidate interface com.dga.resource.repository.ResourceLinkRepository; If you want this repository to be a LDAP repository, consider annotating your entities with one of these annotations: org.springframework.ldap.odm.annotations.Entry (preferred), or consider extending one of the following types with your repository: org.springframework.data.ldap.repository.LdapRepository
2026-02-28 17:09:38.090  INFO 56489 --- [           main] .RepositoryConfigurationExtensionSupport : Spring Data LDAP - Could not safely identify store assignment for repository candidate interface com.dga.metadata.repository.GovernanceTaskRepository; If you want this repository to be a LDAP repository, consider annotating your entities with one of these annotations: org.springframework.ldap.odm.annotations.Entry (preferred), or consider extending one of the following types with your repository: org.springframework.data.ldap.repository.LdapRepository
2026-02-28 17:09:38.091  INFO 56489 --- [           main] .RepositoryConfigurationExtensionSupport : Spring Data LDAP - Could not safely identify store assignment for repository candidate interface com.dga.metadata.repository.TableScoreRepository; If you want this repository to be a LDAP repository, consider annotating your entities with one of these annotations: org.springframework.ldap.odm.annotations.Entry (preferred), or consider extending one of the following types with your repository: org.springframework.data.ldap.repository.LdapRepository
2026-02-28 17:09:38.091  INFO 56489 --- [           main] .RepositoryConfigurationExtensionSupport : Spring Data LDAP - Could not safely identify store assignment for repository candidate interface com.dga.metadata.repository.ColumnMetadataRepository; If you want this repository to be a LDAP repository, consider annotating your entities with one of these annotations: org.springframework.ldap.odm.annotations.Entry (preferred), or consider extending one of the following types with your repository: org.springframework.data.ldap.repository.LdapRepository
2026-02-28 17:09:38.091  INFO 56489 --- [           main] .RepositoryConfigurationExtensionSupport : Spring Data LDAP - Could not safely identify store assignment for repository candidate interface com.dga.metadata.repository.TableMetadataRepository; If you want this repository to be a LDAP repository, consider annotating your entities with one of these annotations: org.springframework.ldap.odm.annotations.Entry (preferred), or consider extending one of the following types with your repository: org.springframework.data.ldap.repository.LdapRepository
2026-02-28 17:09:38.092  INFO 56489 --- [           main] .s.d.r.c.RepositoryConfigurationDelegate : Finished Spring Data repository scanning in 11 ms. Found 0 LDAP repository interfaces.
2026-02-28 17:09:38.477  INFO 56489 --- [           main] o.s.b.w.embedded.tomcat.TomcatWebServer  : Tomcat initialized with port(s): 8081 (http)
2026-02-28 17:09:38.483  INFO 56489 --- [           main] o.apache.catalina.core.StandardService   : Starting service [Tomcat]
2026-02-28 17:09:38.483  INFO 56489 --- [           main] org.apache.catalina.core.StandardEngine  : Starting Servlet engine: [Apache Tomcat/9.0.83]
2026-02-28 17:09:38.524  INFO 56489 --- [           main] o.a.c.c.C.[Tomcat].[localhost].[/]       : Initializing Spring embedded WebApplicationContext
2026-02-28 17:09:38.524  INFO 56489 --- [           main] w.s.c.ServletWebServerApplicationContext : Root WebApplicationContext: initialization completed in 870 ms
2026-02-28 17:09:38.589  INFO 56489 --- [           main] com.zaxxer.hikari.HikariDataSource       : HikariPool-1 - Starting...
2026-02-28 17:09:38.728  INFO 56489 --- [           main] com.zaxxer.hikari.HikariDataSource       : HikariPool-1 - Start completed.
2026-02-28 17:09:38.795  INFO 56489 --- [           main] o.hibernate.jpa.internal.util.LogHelper  : HHH000204: Processing PersistenceUnitInfo [name: default]
2026-02-28 17:09:38.862  INFO 56489 --- [           main] org.hibernate.Version                    : HHH000412: Hibernate ORM core version 5.6.15.Final
2026-02-28 17:09:38.990  INFO 56489 --- [           main] o.hibernate.annotations.common.Version   : HCANN000001: Hibernate Commons Annotations {5.1.2.Final}
2026-02-28 17:09:39.061  INFO 56489 --- [           main] org.hibernate.dialect.Dialect            : HHH000400: Using dialect: org.hibernate.dialect.MySQL8Dialect
2026-02-28 17:09:39.557  INFO 56489 --- [           main] o.h.e.t.j.p.i.JtaPlatformInitiator       : HHH000490: Using JtaPlatform implementation: [org.hibernate.engine.transaction.jta.platform.internal.NoJtaPlatform]
2026-02-28 17:09:39.566  INFO 56489 --- [           main] j.LocalContainerEntityManagerFactoryBean : Initialized JPA EntityManagerFactory for persistence unit 'default'
2026-02-28 17:09:40.433  INFO 56489 --- [           main] o.s.s.web.DefaultSecurityFilterChain     : Will secure any request with [org.springframework.security.web.session.DisableEncodeUrlFilter@5ab9b447, org.springframework.security.web.context.request.async.WebAsyncManagerIntegrationFilter@76f10035, org.springframework.security.web.context.SecurityContextPersistenceFilter@71b1a49c, org.springframework.security.web.header.HeaderWriterFilter@6c2d4cc6, org.springframework.security.web.authentication.logout.LogoutFilter@5c84624f, org.springframework.security.oauth2.client.web.OAuth2AuthorizationRequestRedirectFilter@721eb7df, org.springframework.security.oauth2.client.web.OAuth2LoginAuthenticationFilter@553f3b6e, org.springframework.security.web.authentication.ui.DefaultLoginPageGeneratingFilter@9fecdf1, org.springframework.security.web.authentication.ui.DefaultLogoutPageGeneratingFilter@4f8caaf3, org.springframework.security.web.savedrequest.RequestCacheAwareFilter@3773862a, org.springframework.security.web.servletapi.SecurityContextHolderAwareRequestFilter@589b028e, org.springframework.security.web.authentication.AnonymousAuthenticationFilter@2b50150, org.springframework.security.web.session.SessionManagementFilter@6134ac4a, org.springframework.security.web.access.ExceptionTranslationFilter@3f3ddbd9, org.springframework.security.web.access.intercept.FilterSecurityInterceptor@6c2f1700]
2026-02-28 17:09:40.466  WARN 56489 --- [           main] JpaBaseConfiguration$JpaWebConfiguration : spring.jpa.open-in-view is enabled by default. Therefore, database queries may be performed during view rendering. Explicitly configure spring.jpa.open-in-view to disable this warning
2026-02-28 17:09:40.548  INFO 56489 --- [           main] o.s.b.a.w.s.WelcomePageHandlerMapping    : Adding welcome page: class path resource [static/index.html]
2026-02-28 17:09:40.678  INFO 56489 --- [           main] o.s.b.w.embedded.tomcat.TomcatWebServer  : Tomcat started on port(s): 8081 (http) with context path ''
2026-02-28 17:09:40.685  INFO 56489 --- [           main] com.dga.DgaApplication                   : Started DgaApplication in 3.234 seconds (JVM running for 3.457)
2026-02-28 17:09:57.761  INFO 56489 --- [nio-8081-exec-2] o.a.c.c.C.[Tomcat].[localhost].[/]       : Initializing Spring DispatcherServlet 'dispatcherServlet'
2026-02-28 17:09:57.761  INFO 56489 --- [nio-8081-exec-2] o.s.web.servlet.DispatcherServlet        : Initializing Servlet 'dispatcherServlet'
2026-02-28 17:09:57.763  INFO 56489 --- [nio-8081-exec-2] o.s.web.servlet.DispatcherServlet        : Completed initialization in 2 ms
Hibernate: select count(*) as col_0_0_ from data_source_config datasource0_
Hibernate: select userrecent0_.id as id1_9_, userrecent0_.username as username2_9_, userrecent0_.view_content as view_con3_9_, userrecent0_.view_type as view_typ4_9_, userrecent0_.viewed_at as viewed_a5_9_ from dga_user_recent_views userrecent0_ where userrecent0_.username=? order by userrecent0_.viewed_at DESC limit ?
Hibernate: select count(*) as col_0_0_ from meta_table_info tablemetad0_
Hibernate: select count(distinct tablemetad0_.db_name) as col_0_0_ from meta_table_info tablemetad0_
Hibernate: select count(*) as col_0_0_ from meta_table_info tablemetad0_
Hibernate: select sum(coalesce(tablemetad0_.table_size, 0)) as col_0_0_ from meta_table_info tablemetad0_
Hibernate: select avg(tablemetad0_.governance_score) as col_0_0_ from meta_table_info tablemetad0_
Hibernate: select tablemetad0_.id as id1_12_, tablemetad0_.datasource_id as datasour2_12_, tablemetad0_.db_name as db_name3_12_, tablemetad0_.governance_score as governan4_12_, tablemetad0_.last_access_time as last_acc5_12_, tablemetad0_.hdfs_path as hdfs_pat6_12_, tablemetad0_.owner as owner7_12_, tablemetad0_.record_count as record_c8_12_, tablemetad0_.storage_format as storage_9_12_, tablemetad0_.sync_time as sync_ti10_12_, tablemetad0_.table_name as table_n11_12_, tablemetad0_.table_size as table_s12_12_, tablemetad0_.last_modify_time as last_mo13_12_ from meta_table_info tablemetad0_ where 1=1 limit ?
Hibernate: select datasource0_.id as id1_0_, datasource0_.created_at as created_2_0_, datasource0_.description as descript3_0_, datasource0_.is_deleted as is_delet4_0_, datasource0_.name as name5_0_, datasource0_.password as password6_0_, datasource0_.type as type7_0_, datasource0_.updated_at as updated_8_0_, datasource0_.url as url9_0_, datasource0_.username as usernam10_0_ from data_source_config datasource0_
Hibernate: select count(tablemetad0_.id) as col_0_0_ from meta_table_info tablemetad0_ where tablemetad0_.sync_time>?
Hibernate: select count(tablemetad0_.id) as col_0_0_ from meta_table_info tablemetad0_ where 1=1
Hibernate: select cluster0_.id as id1_2_, cluster0_.cluster_name as cluster_2_2_, cluster0_.create_time as create_t3_2_, cluster0_.description as descript4_2_, cluster0_.status as status5_2_, cluster0_.type as type6_2_, cluster0_.update_time as update_t7_2_ from dga_cluster cluster0_ where cluster0_.status is null or cluster0_.status<>'DELETED'
Hibernate: select cluster0_.id as id1_2_, cluster0_.cluster_name as cluster_2_2_, cluster0_.create_time as create_t3_2_, cluster0_.description as descript4_2_, cluster0_.status as status5_2_, cluster0_.type as type6_2_, cluster0_.update_time as update_t7_2_ from dga_cluster cluster0_ where cluster0_.status is null or cluster0_.status<>'DELETED'
Hibernate: select dgauser0_.id as id1_10_, dgauser0_.cluster_name as cluster_2_10_, dgauser0_.create_time as create_t3_10_, dgauser0_.creation_strategy as creation4_10_, dgauser0_.email as email5_10_, dgauser0_.first_name as first_na6_10_, dgauser0_.is_deleted as is_delet7_10_, dgauser0_.last_name as last_nam8_10_, dgauser0_.password as password9_10_, dgauser0_.update_time as update_10_10_, dgauser0_.username as usernam11_10_ from dga_users dgauser0_ where dgauser0_.is_deleted=0 and (dgauser0_.creation_strategy not in  (? , ?)) order by dgauser0_.create_time desc limit ?
Hibernate: select count(dgauser0_.id) as col_0_0_ from dga_users dgauser0_ where dgauser0_.is_deleted=0 and (dgauser0_.creation_strategy not in  (? , ?))
Hibernate: select userhiveac0_.id as id1_13_, userhiveac0_.cluster_name as cluster_2_13_, userhiveac0_.database_name as database3_13_, userhiveac0_.grant_time as grant_ti4_13_, userhiveac0_.granted_by as granted_5_13_, userhiveac0_.is_deleted as is_delet6_13_, userhiveac0_.permission as permissi7_13_, userhiveac0_.revoke_time as revoke_t8_13_, userhiveac0_.status as status9_13_, userhiveac0_.table_name as table_n10_13_, userhiveac0_.update_time as update_11_13_, userhiveac0_.username as usernam12_13_ from user_hive_access userhiveac0_ where userhiveac0_.username=? and userhiveac0_.cluster_name=? and userhiveac0_.status=?
Hibernate: select userhiveac0_.id as id1_13_, userhiveac0_.cluster_name as cluster_2_13_, userhiveac0_.database_name as database3_13_, userhiveac0_.grant_time as grant_ti4_13_, userhiveac0_.granted_by as granted_5_13_, userhiveac0_.is_deleted as is_delet6_13_, userhiveac0_.permission as permissi7_13_, userhiveac0_.revoke_time as revoke_t8_13_, userhiveac0_.status as status9_13_, userhiveac0_.table_name as table_n10_13_, userhiveac0_.update_time as update_11_13_, userhiveac0_.username as usernam12_13_ from user_hive_access userhiveac0_ where userhiveac0_.username=? and userhiveac0_.cluster_name=? and userhiveac0_.status=? and userhiveac0_.is_deleted=0
Hibernate: select userhiveac0_.id as id1_13_, userhiveac0_.cluster_name as cluster_2_13_, userhiveac0_.database_name as database3_13_, userhiveac0_.grant_time as grant_ti4_13_, userhiveac0_.granted_by as granted_5_13_, userhiveac0_.is_deleted as is_delet6_13_, userhiveac0_.permission as permissi7_13_, userhiveac0_.revoke_time as revoke_t8_13_, userhiveac0_.status as status9_13_, userhiveac0_.table_name as table_n10_13_, userhiveac0_.update_time as update_11_13_, userhiveac0_.username as usernam12_13_ from user_hive_access userhiveac0_ where userhiveac0_.username=? and userhiveac0_.is_deleted=0
Hibernate: select userhiveac0_.id as id1_13_, userhiveac0_.cluster_name as cluster_2_13_, userhiveac0_.database_name as database3_13_, userhiveac0_.grant_time as grant_ti4_13_, userhiveac0_.granted_by as granted_5_13_, userhiveac0_.is_deleted as is_delet6_13_, userhiveac0_.permission as permissi7_13_, userhiveac0_.revoke_time as revoke_t8_13_, userhiveac0_.status as status9_13_, userhiveac0_.table_name as table_n10_13_, userhiveac0_.update_time as update_11_13_, userhiveac0_.username as usernam12_13_ from user_hive_access userhiveac0_ where userhiveac0_.username=? and userhiveac0_.cluster_name=? and userhiveac0_.status=?
Hibernate: select userhiveac0_.id as id1_13_, userhiveac0_.cluster_name as cluster_2_13_, userhiveac0_.database_name as database3_13_, userhiveac0_.grant_time as grant_ti4_13_, userhiveac0_.granted_by as granted_5_13_, userhiveac0_.is_deleted as is_delet6_13_, userhiveac0_.permission as permissi7_13_, userhiveac0_.revoke_time as revoke_t8_13_, userhiveac0_.status as status9_13_, userhiveac0_.table_name as table_n10_13_, userhiveac0_.update_time as update_11_13_, userhiveac0_.username as usernam12_13_ from user_hive_access userhiveac0_ where userhiveac0_.username=? and userhiveac0_.cluster_name=? and userhiveac0_.status=? and userhiveac0_.is_deleted=0
2026-02-28 17:10:06.318  INFO 56489 --- [nio-8081-exec-3] org.apache.hive.jdbc.Utils               : Supplied authorities: 10.0.25.15:10000
2026-02-28 17:10:06.318  INFO 56489 --- [nio-8081-exec-3] org.apache.hive.jdbc.Utils               : Resolved authority: 10.0.25.15:10000
Batch grant start. User: dingquan28, Cluster: HDP
Using Ranger for HDP cluster grant: dingquan28 on baofoo_fi
Failed to grant/save DB access: Failed to update Ranger policy (Grant): 400 : "{"statusCode":400,"msgDesc":"Operation denied. User name: dingquan28 specified in policy does not exist in ranger admin."}"
2026-02-28 17:10:10.780 ERROR 56489 --- [nio-8081-exec-5] o.a.c.c.C.[.[.[/].[dispatcherServlet]    : Servlet.service() for servlet [dispatcherServlet] in context with path [] threw exception [Request processing failed; nested exception is java.lang.RuntimeException: Failed to update Ranger policy (Grant): 400 : "{"statusCode":400,"msgDesc":"Operation denied. User name: dingquan28 specified in policy does not exist in ranger admin."}"] with root cause

java.lang.RuntimeException: Failed to update Ranger policy (Grant): 400 : "{"statusCode":400,"msgDesc":"Operation denied. User name: dingquan28 specified in policy does not exist in ranger admin."}"
	at com.dga.access.service.RangerService.updatePolicyGrant(RangerService.java:241) ~[classes!/:0.0.1-SNAPSHOT]
	at com.dga.access.service.RangerService.grantPermission(RangerService.java:35) ~[classes!/:0.0.1-SNAPSHOT]
	at com.dga.access.service.HiveAuthService.grantPermission(HiveAuthService.java:125) ~[classes!/:0.0.1-SNAPSHOT]
	at com.dga.access.controller.AccessController.batchGrant(AccessController.java:397) ~[classes!/:0.0.1-SNAPSHOT]
	at com.dga.access.controller.AccessController$$FastClassBySpringCGLIB$$53828785.invoke(<generated>) ~[classes!/:0.0.1-SNAPSHOT]
	at org.springframework.cglib.proxy.MethodProxy.invoke(MethodProxy.java:218) ~[spring-core-5.3.31.jar!/:5.3.31]
	at org.springframework.aop.framework.CglibAopProxy.invokeMethod(CglibAopProxy.java:386) ~[spring-aop-5.3.31.jar!/:5.3.31]
	at org.springframework.aop.framework.CglibAopProxy.access$000(CglibAopProxy.java:85) ~[spring-aop-5.3.31.jar!/:5.3.31]
	at org.springframework.aop.framework.CglibAopProxy$DynamicAdvisedInterceptor.intercept(CglibAopProxy.java:703) ~[spring-aop-5.3.31.jar!/:5.3.31]
	at com.dga.access.controller.AccessController$$EnhancerBySpringCGLIB$$4d8f2b94.batchGrant(<generated>) ~[classes!/:0.0.1-SNAPSHOT]
	at sun.reflect.NativeMethodAccessorImpl.invoke0(Native Method) ~[na:1.8.0_462]
	at sun.reflect.NativeMethodAccessorImpl.invoke(NativeMethodAccessorImpl.java:62) ~[na:1.8.0_462]
	at sun.reflect.DelegatingMethodAccessorImpl.invoke(DelegatingMethodAccessorImpl.java:43) ~[na:1.8.0_462]
	at java.lang.reflect.Method.invoke(Method.java:498) ~[na:1.8.0_462]
	at org.springframework.web.method.support.InvocableHandlerMethod.doInvoke(InvocableHandlerMethod.java:205) ~[spring-web-5.3.31.jar!/:5.3.31]
	at org.springframework.web.method.support.InvocableHandlerMethod.invokeForRequest(InvocableHandlerMethod.java:150) ~[spring-web-5.3.31.jar!/:5.3.31]
	at org.springframework.web.servlet.mvc.method.annotation.ServletInvocableHandlerMethod.invokeAndHandle(ServletInvocableHandlerMethod.java:117) ~[spring-webmvc-5.3.31.jar!/:5.3.31]
	at org.springframework.web.servlet.mvc.method.annotation.RequestMappingHandlerAdapter.invokeHandlerMethod(RequestMappingHandlerAdapter.java:895) ~[spring-webmvc-5.3.31.jar!/:5.3.31]
	at org.springframework.web.servlet.mvc.method.annotation.RequestMappingHandlerAdapter.handleInternal(RequestMappingHandlerAdapter.java:808) ~[spring-webmvc-5.3.31.jar!/:5.3.31]
	at org.springframework.web.servlet.mvc.method.AbstractHandlerMethodAdapter.handle(AbstractHandlerMethodAdapter.java:87) ~[spring-webmvc-5.3.31.jar!/:5.3.31]
	at org.springframework.web.servlet.DispatcherServlet.doDispatch(DispatcherServlet.java:1072) ~[spring-webmvc-5.3.31.jar!/:5.3.31]
	at org.springframework.web.servlet.DispatcherServlet.doService(DispatcherServlet.java:965) ~[spring-webmvc-5.3.31.jar!/:5.3.31]
	at org.springframework.web.servlet.FrameworkServlet.processRequest(FrameworkServlet.java:1006) ~[spring-webmvc-5.3.31.jar!/:5.3.31]
	at org.springframework.web.servlet.FrameworkServlet.doPost(FrameworkServlet.java:909) ~[spring-webmvc-5.3.31.jar!/:5.3.31]
	at javax.servlet.http.HttpServlet.service(HttpServlet.java:555) ~[tomcat-embed-core-9.0.83.jar!/:na]
	at org.springframework.web.servlet.FrameworkServlet.service(FrameworkServlet.java:883) ~[spring-webmvc-5.3.31.jar!/:5.3.31]
	at javax.servlet.http.HttpServlet.service(HttpServlet.java:623) ~[tomcat-embed-core-9.0.83.jar!/:na]
	at org.apache.catalina.core.ApplicationFilterChain.internalDoFilter(ApplicationFilterChain.java:209) ~[tomcat-embed-core-9.0.83.jar!/:na]
	at org.apache.catalina.core.ApplicationFilterChain.doFilter(ApplicationFilterChain.java:153) ~[tomcat-embed-core-9.0.83.jar!/:na]
	at org.apache.tomcat.websocket.server.WsFilter.doFilter(WsFilter.java:51) ~[tomcat-embed-websocket-9.0.83.jar!/:na]
	at org.apache.catalina.core.ApplicationFilterChain.internalDoFilter(ApplicationFilterChain.java:178) ~[tomcat-embed-core-9.0.83.jar!/:na]
	at org.apache.catalina.core.ApplicationFilterChain.doFilter(ApplicationFilterChain.java:153) ~[tomcat-embed-core-9.0.83.jar!/:na]
	at org.springframework.security.web.FilterChainProxy$VirtualFilterChain.doFilter(FilterChainProxy.java:337) ~[spring-security-web-5.7.11.jar!/:5.7.11]
	at org.springframework.security.web.access.intercept.FilterSecurityInterceptor.invoke(FilterSecurityInterceptor.java:115) ~[spring-security-web-5.7.11.jar!/:5.7.11]
	at org.springframework.security.web.access.intercept.FilterSecurityInterceptor.doFilter(FilterSecurityInterceptor.java:81) ~[spring-security-web-5.7.11.jar!/:5.7.11]
	at org.springframework.security.web.FilterChainProxy$VirtualFilterChain.doFilter(FilterChainProxy.java:346) ~[spring-security-web-5.7.11.jar!/:5.7.11]
	at org.springframework.security.web.access.ExceptionTranslationFilter.doFilter(ExceptionTranslationFilter.java:122) ~[spring-security-web-5.7.11.jar!/:5.7.11]
	at org.springframework.security.web.access.ExceptionTranslationFilter.doFilter(ExceptionTranslationFilter.java:116) ~[spring-security-web-5.7.11.jar!/:5.7.11]
	at org.springframework.security.web.FilterChainProxy$VirtualFilterChain.doFilter(FilterChainProxy.java:346) ~[spring-security-web-5.7.11.jar!/:5.7.11]
	at org.springframework.security.web.session.SessionManagementFilter.doFilter(SessionManagementFilter.java:126) ~[spring-security-web-5.7.11.jar!/:5.7.11]
	at org.springframework.security.web.session.SessionManagementFilter.doFilter(SessionManagementFilter.java:81) ~[spring-security-web-5.7.11.jar!/:5.7.11]
	at org.springframework.security.web.FilterChainProxy$VirtualFilterChain.doFilter(FilterChainProxy.java:346) ~[spring-security-web-5.7.11.jar!/:5.7.11]
	at org.springframework.security.web.authentication.AnonymousAuthenticationFilter.doFilter(AnonymousAuthenticationFilter.java:109) ~[spring-security-web-5.7.11.jar!/:5.7.11]
	at org.springframework.security.web.FilterChainProxy$VirtualFilterChain.doFilter(FilterChainProxy.java:346) ~[spring-security-web-5.7.11.jar!/:5.7.11]
	at org.springframework.security.web.servletapi.SecurityContextHolderAwareRequestFilter.doFilter(SecurityContextHolderAwareRequestFilter.java:149) ~[spring-security-web-5.7.11.jar!/:5.7.11]
	at org.springframework.security.web.FilterChainProxy$VirtualFilterChain.doFilter(FilterChainProxy.java:346) ~[spring-security-web-5.7.11.jar!/:5.7.11]
	at org.springframework.security.web.savedrequest.RequestCacheAwareFilter.doFilter(RequestCacheAwareFilter.java:63) ~[spring-security-web-5.7.11.jar!/:5.7.11]
	at org.springframework.security.web.FilterChainProxy$VirtualFilterChain.doFilter(FilterChainProxy.java:346) ~[spring-security-web-5.7.11.jar!/:5.7.11]
	at org.springframework.security.web.authentication.ui.DefaultLogoutPageGeneratingFilter.doFilterInternal(DefaultLogoutPageGeneratingFilter.java:58) ~[spring-security-web-5.7.11.jar!/:5.7.11]
	at org.springframework.web.filter.OncePerRequestFilter.doFilter(OncePerRequestFilter.java:117) ~[spring-web-5.3.31.jar!/:5.3.31]
	at org.springframework.security.web.FilterChainProxy$VirtualFilterChain.doFilter(FilterChainProxy.java:346) ~[spring-security-web-5.7.11.jar!/:5.7.11]
	at org.springframework.security.web.authentication.ui.DefaultLoginPageGeneratingFilter.doFilter(DefaultLoginPageGeneratingFilter.java:237) ~[spring-security-web-5.7.11.jar!/:5.7.11]
	at org.springframework.security.web.authentication.ui.DefaultLoginPageGeneratingFilter.doFilter(DefaultLoginPageGeneratingFilter.java:223) ~[spring-security-web-5.7.11.jar!/:5.7.11]
	at org.springframework.security.web.FilterChainProxy$VirtualFilterChain.doFilter(FilterChainProxy.java:346) ~[spring-security-web-5.7.11.jar!/:5.7.11]
	at org.springframework.security.web.authentication.AbstractAuthenticationProcessingFilter.doFilter(AbstractAuthenticationProcessingFilter.java:223) ~[spring-security-web-5.7.11.jar!/:5.7.11]
	at org.springframework.security.web.authentication.AbstractAuthenticationProcessingFilter.doFilter(AbstractAuthenticationProcessingFilter.java:217) ~[spring-security-web-5.7.11.jar!/:5.7.11]
	at org.springframework.security.web.FilterChainProxy$VirtualFilterChain.doFilter(FilterChainProxy.java:346) ~[spring-security-web-5.7.11.jar!/:5.7.11]
	at org.springframework.security.oauth2.client.web.OAuth2AuthorizationRequestRedirectFilter.doFilterInternal(OAuth2AuthorizationRequestRedirectFilter.java:178) ~[spring-security-oauth2-client-5.7.11.jar!/:5.7.11]
	at org.springframework.web.filter.OncePerRequestFilter.doFilter(OncePerRequestFilter.java:117) ~[spring-web-5.3.31.jar!/:5.3.31]
	at org.springframework.security.web.FilterChainProxy$VirtualFilterChain.doFilter(FilterChainProxy.java:346) ~[spring-security-web-5.7.11.jar!/:5.7.11]
	at org.springframework.security.web.authentication.logout.LogoutFilter.doFilter(LogoutFilter.java:103) ~[spring-security-web-5.7.11.jar!/:5.7.11]
	at org.springframework.security.web.authentication.logout.LogoutFilter.doFilter(LogoutFilter.java:89) ~[spring-security-web-5.7.11.jar!/:5.7.11]
	at org.springframework.security.web.FilterChainProxy$VirtualFilterChain.doFilter(FilterChainProxy.java:346) ~[spring-security-web-5.7.11.jar!/:5.7.11]
	at org.springframework.security.web.header.HeaderWriterFilter.doHeadersAfter(HeaderWriterFilter.java:90) ~[spring-security-web-5.7.11.jar!/:5.7.11]
	at org.springframework.security.web.header.HeaderWriterFilter.doFilterInternal(HeaderWriterFilter.java:75) ~[spring-security-web-5.7.11.jar!/:5.7.11]
	at org.springframework.web.filter.OncePerRequestFilter.doFilter(OncePerRequestFilter.java:117) ~[spring-web-5.3.31.jar!/:5.3.31]
	at org.springframework.security.web.FilterChainProxy$VirtualFilterChain.doFilter(FilterChainProxy.java:346) ~[spring-security-web-5.7.11.jar!/:5.7.11]
	at org.springframework.security.web.context.SecurityContextPersistenceFilter.doFilter(SecurityContextPersistenceFilter.java:112) ~[spring-security-web-5.7.11.jar!/:5.7.11]
	at org.springframework.security.web.context.SecurityContextPersistenceFilter.doFilter(SecurityContextPersistenceFilter.java:82) ~[spring-security-web-5.7.11.jar!/:5.7.11]
	at org.springframework.security.web.FilterChainProxy$VirtualFilterChain.doFilter(FilterChainProxy.java:346) ~[spring-security-web-5.7.11.jar!/:5.7.11]
	at org.springframework.security.web.context.request.async.WebAsyncManagerIntegrationFilter.doFilterInternal(WebAsyncManagerIntegrationFilter.java:55) ~[spring-security-web-5.7.11.jar!/:5.7.11]
	at org.springframework.web.filter.OncePerRequestFilter.doFilter(OncePerRequestFilter.java:117) ~[spring-web-5.3.31.jar!/:5.3.31]
	at org.springframework.security.web.FilterChainProxy$VirtualFilterChain.doFilter(FilterChainProxy.java:346) ~[spring-security-web-5.7.11.jar!/:5.7.11]
	at org.springframework.security.web.session.DisableEncodeUrlFilter.doFilterInternal(DisableEncodeUrlFilter.java:42) ~[spring-security-web-5.7.11.jar!/:5.7.11]
	at org.springframework.web.filter.OncePerRequestFilter.doFilter(OncePerRequestFilter.java:117) ~[spring-web-5.3.31.jar!/:5.3.31]
	at org.springframework.security.web.FilterChainProxy$VirtualFilterChain.doFilter(FilterChainProxy.java:346) ~[spring-security-web-5.7.11.jar!/:5.7.11]
	at org.springframework.security.web.FilterChainProxy.doFilterInternal(FilterChainProxy.java:221) ~[spring-security-web-5.7.11.jar!/:5.7.11]
	at org.springframework.security.web.FilterChainProxy.doFilter(FilterChainProxy.java:186) ~[spring-security-web-5.7.11.jar!/:5.7.11]
	at org.springframework.web.filter.DelegatingFilterProxy.invokeDelegate(DelegatingFilterProxy.java:354) ~[spring-web-5.3.31.jar!/:5.3.31]
	at org.springframework.web.filter.DelegatingFilterProxy.doFilter(DelegatingFilterProxy.java:267) ~[spring-web-5.3.31.jar!/:5.3.31]
	at org.apache.catalina.core.ApplicationFilterChain.internalDoFilter(ApplicationFilterChain.java:178) ~[tomcat-embed-core-9.0.83.jar!/:na]
	at org.apache.catalina.core.ApplicationFilterChain.doFilter(ApplicationFilterChain.java:153) ~[tomcat-embed-core-9.0.83.jar!/:na]
	at org.springframework.web.filter.RequestContextFilter.doFilterInternal(RequestContextFilter.java:100) ~[spring-web-5.3.31.jar!/:5.3.31]
	at org.springframework.web.filter.OncePerRequestFilter.doFilter(OncePerRequestFilter.java:117) ~[spring-web-5.3.31.jar!/:5.3.31]
	at org.apache.catalina.core.ApplicationFilterChain.internalDoFilter(ApplicationFilterChain.java:178) ~[tomcat-embed-core-9.0.83.jar!/:na]
	at org.apache.catalina.core.ApplicationFilterChain.doFilter(ApplicationFilterChain.java:153) ~[tomcat-embed-core-9.0.83.jar!/:na]
	at org.springframework.web.filter.FormContentFilter.doFilterInternal(FormContentFilter.java:93) ~[spring-web-5.3.31.jar!/:5.3.31]
	at org.springframework.web.filter.OncePerRequestFilter.doFilter(OncePerRequestFilter.java:117) ~[spring-web-5.3.31.jar!/:5.3.31]
	at org.apache.catalina.core.ApplicationFilterChain.internalDoFilter(ApplicationFilterChain.java:178) ~[tomcat-embed-core-9.0.83.jar!/:na]
	at org.apache.catalina.core.ApplicationFilterChain.doFilter(ApplicationFilterChain.java:153) ~[tomcat-embed-core-9.0.83.jar!/:na]
	at org.springframework.web.filter.CharacterEncodingFilter.doFilterInternal(CharacterEncodingFilter.java:201) ~[spring-web-5.3.31.jar!/:5.3.31]
	at org.springframework.web.filter.OncePerRequestFilter.doFilter(OncePerRequestFilter.java:117) ~[spring-web-5.3.31.jar!/:5.3.31]
	at org.apache.catalina.core.ApplicationFilterChain.internalDoFilter(ApplicationFilterChain.java:178) ~[tomcat-embed-core-9.0.83.jar!/:na]
	at org.apache.catalina.core.ApplicationFilterChain.doFilter(ApplicationFilterChain.java:153) ~[tomcat-embed-core-9.0.83.jar!/:na]
	at org.apache.catalina.core.StandardWrapperValve.invoke(StandardWrapperValve.java:168) ~[tomcat-embed-core-9.0.83.jar!/:na]
	at org.apache.catalina.core.StandardContextValve.invoke(StandardContextValve.java:90) [tomcat-embed-core-9.0.83.jar!/:na]
	at org.apache.catalina.authenticator.AuthenticatorBase.invoke(AuthenticatorBase.java:481) [tomcat-embed-core-9.0.83.jar!/:na]
	at org.apache.catalina.core.StandardHostValve.invoke(StandardHostValve.java:130) [tomcat-embed-core-9.0.83.jar!/:na]
	at org.apache.catalina.valves.ErrorReportValve.invoke(ErrorReportValve.java:93) [tomcat-embed-core-9.0.83.jar!/:na]
	at org.apache.catalina.core.StandardEngineValve.invoke(StandardEngineValve.java:74) [tomcat-embed-core-9.0.83.jar!/:na]
	at org.apache.catalina.connector.CoyoteAdapter.service(CoyoteAdapter.java:342) [tomcat-embed-core-9.0.83.jar!/:na]
	at org.apache.coyote.http11.Http11Processor.service(Http11Processor.java:390) [tomcat-embed-core-9.0.83.jar!/:na]
	at org.apache.coyote.AbstractProcessorLight.process(AbstractProcessorLight.java:63) [tomcat-embed-core-9.0.83.jar!/:na]
	at org.apache.coyote.AbstractProtocol$ConnectionHandler.process(AbstractProtocol.java:928) [tomcat-embed-core-9.0.83.jar!/:na]
	at org.apache.tomcat.util.net.NioEndpoint$SocketProcessor.doRun(NioEndpoint.java:1794) [tomcat-embed-core-9.0.83.jar!/:na]
	at org.apache.tomcat.util.net.SocketProcessorBase.run(SocketProcessorBase.java:52) [tomcat-embed-core-9.0.83.jar!/:na]
	at org.apache.tomcat.util.threads.ThreadPoolExecutor.runWorker(ThreadPoolExecutor.java:1191) [tomcat-embed-core-9.0.83.jar!/:na]
	at org.apache.tomcat.util.threads.ThreadPoolExecutor$Worker.run(ThreadPoolExecutor.java:659) [tomcat-embed-core-9.0.83.jar!/:na]
	at org.apache.tomcat.util.threads.TaskThread$WrappingRunnable.run(TaskThread.java:61) [tomcat-embed-core-9.0.83.jar!/:na]
	at java.lang.Thread.run(Thread.java:750) [na:1.8.0_462]

Hibernate: select count(*) as col_0_0_ from meta_table_info tablemetad0_
Hibernate: select datasource0_.id as id1_0_, datasource0_.created_at as created_2_0_, datasource0_.description as descript3_0_, datasource0_.is_deleted as is_delet4_0_, datasource0_.name as name5_0_, datasource0_.password as password6_0_, datasource0_.type as type7_0_, datasource0_.updated_at as updated_8_0_, datasource0_.url as url9_0_, datasource0_.username as usernam10_0_ from data_source_config datasource0_
Hibernate: select tablemetad0_.id as id1_12_, tablemetad0_.datasource_id as datasour2_12_, tablemetad0_.db_name as db_name3_12_, tablemetad0_.governance_score as governan4_12_, tablemetad0_.last_access_time as last_acc5_12_, tablemetad0_.hdfs_path as hdfs_pat6_12_, tablemetad0_.owner as owner7_12_, tablemetad0_.record_count as record_c8_12_, tablemetad0_.storage_format as storage_9_12_, tablemetad0_.sync_time as sync_ti10_12_, tablemetad0_.table_name as table_n11_12_, tablemetad0_.table_size as table_s12_12_, tablemetad0_.last_modify_time as last_mo13_12_ from meta_table_info tablemetad0_ where 1=1 limit ?
Hibernate: select sum(coalesce(tablemetad0_.table_size, 0)) as col_0_0_ from meta_table_info tablemetad0_
Hibernate: select count(tablemetad0_.id) as col_0_0_ from meta_table_info tablemetad0_ where 1=1
Hibernate: select avg(tablemetad0_.governance_score) as col_0_0_ from meta_table_info tablemetad0_
Hibernate: select count(tablemetad0_.id) as col_0_0_ from meta_table_info tablemetad0_ where tablemetad0_.sync_time>?
Hibernate: select datasource0_.id as id1_0_, datasource0_.created_at as created_2_0_, datasource0_.description as descript3_0_, datasource0_.is_deleted as is_delet4_0_, datasource0_.name as name5_0_, datasource0_.password as password6_0_, datasource0_.type as type7_0_, datasource0_.updated_at as updated_8_0_, datasource0_.url as url9_0_, datasource0_.username as usernam10_0_ from data_source_config datasource0_
2026-02-28 17:11:31.761  INFO 56489 --- [ionShutdownHook] j.LocalContainerEntityManagerFactoryBean : Closing JPA EntityManagerFactory for persistence unit 'default'
2026-02-28 17:11:31.763  INFO 56489 --- [ionShutdownHook] com.zaxxer.hikari.HikariDataSource       : HikariPool-1 - Shutdown initiated...
2026-02-28 17:11:31.768  INFO 56489 --- [ionShutdownHook] com.zaxxer.hikari.HikariDataSource       : HikariPool-1 - Shutdown completed.
